2025-10-31 02:40:40,395 - INFO - LOGIN - SUCCESS - Email: driver@gmail.com - Role: driver - 
2025-10-31 11:08:25,619 - INFO - LOGIN - SUCCESS - Email: shadan@gmail.com - Role: passenger - 
2025-10-31 11:09:05,700 - INFO - LOGIN - SUCCESS - Email: driver@gmail.com - Role: driver - 
2025-10-31 12:37:23,278 - INFO - LOGIN - SUCCESS - Email: shadan@gmail.com - Role: passenger - 
2025-11-03 10:28:20,225 - INFO - LOGIN - SUCCESS - Email: shadan@gmail.com - Role: passenger - 
2025-11-03 10:28:57,050 - INFO - LOGIN - SUCCESS - Email: driver@gmail.com - Role: driver - 
2025-11-03 11:24:43,333 - INFO - LOGIN - SUCCESS - Email: shadan@gmail.com - Role: passenger - 
2025-11-03 11:51:32,188 - INFO - LOGIN - SUCCESS - Email: shadan@gmail.com - Role: passenger - 
2025-11-03 11:52:42,737 - INFO - SIGNUP - SUCCESS - Email: p@gmail.com - Role: passenger - 
2025-11-03 11:52:54,923 - INFO - LOGIN - SUCCESS - Email: p@gmail.com - Role: passenger - 
2025-11-03 12:30:05,482 - INFO - LOGIN - SUCCESS - Email: p@gmail.com - Role: passenger - 
2025-11-03 12:30:46,119 - INFO - LOGIN - SUCCESS - Email: shadan@gmail.com - Role: passenger - 
2025-11-03 12:32:44,966 - INFO - LOGIN - SUCCESS - Email: driver@gmail.com - Role: driver - 
2025-11-03 14:49:35,401 - INFO - LOGIN - SUCCESS - Email: shadan@gmail.com - Role: passenger - 
2025-11-03 15:38:16,689 - INFO - LOGIN - SUCCESS - Email: shadan@gmail.com - Role: passenger - 
2025-11-03 15:38:56,292 - INFO - LOGIN - SUCCESS - Email: driver@gmail.com - Role: driver - 
2025-11-03 15:39:05,454 - INFO - LOGIN - SUCCESS - Email: p@gmail.com - Role: passenger - 
2025-11-04 11:04:20,682 - INFO - LOGIN - SUCCESS - Email: shadan@gmail.com - Role: passenger - 
2025-11-04 11:04:54,092 - INFO - LOGIN - SUCCESS - Email: driver@gmail.com - Role: driver - 
2025-11-04 11:09:37,285 - INFO - LOGIN - SUCCESS - Email: shadan@gmail.com - Role: passenger - 
2025-11-04 11:14:30,275 - INFO - LOGIN - SUCCESS - Email: shadan@gmail.com - Role: passenger - 
2025-11-04 11:38:16,684 - INFO - LOGIN - SUCCESS - Email: shadan@gmail.com - Role: passenger - 
2025-11-04 11:39:48,566 - INFO - LOGIN - SUCCESS - Email: shadan@gmail.com - Role: passenger - 
2025-11-04 13:19:38,668 - ERROR - Task exception was never retrieved
future: <Task finished name='Task-32' coro=<WebSocketProtocol13.write_message.<locals>.wrapper() done, defined at C:\Users\shadan.kazmi\carpooling_app\.venv\Lib\site-packages\tornado\websocket.py:1111> exception=WebSocketClosedError()>
Traceback (most recent call last):
  File "C:\Users\shadan.kazmi\carpooling_app\.venv\Lib\site-packages\tornado\websocket.py", line 1113, in wrapper
    await fut
tornado.iostream.StreamClosedError: Stream is closed

During handling of the above exception, another exception occurred:

Traceback (most recent call last):
  File "C:\Users\shadan.kazmi\carpooling_app\.venv\Lib\site-packages\tornado\websocket.py", line 1115, in wrapper
    raise WebSocketClosedError()
tornado.websocket.WebSocketClosedError
2025-11-04 13:21:53,105 - INFO - SIGNUP - SUCCESS - Email: v@gmail.com - Role: passenger - 
2025-11-04 14:39:18,273 - INFO - SIGNUP - SUCCESS - Email: shadan12@gmail.com - Role: driver - 
2025-11-04 14:40:51,391 - INFO - SIGNUP - SUCCESS - Email: user10@gmail.com - Role: driver - 
2025-11-04 14:54:49,816 - INFO - LOGIN - SUCCESS - Email: shadan@gmail.com - Role: passenger - 
2025-11-04 15:45:16,584 - INFO - LOGIN - SUCCESS - Email: shadan@gmail.com - Role: passenger - 
2025-11-05 11:46:40,644 - INFO - LOGIN - FAILURE - Email:  - Role:  - Invalid credentials or inactive user
2025-11-05 12:05:03,569 - INFO - LOGIN - SUCCESS - Email: shadan@gmail.com - Role: passenger - 
2025-11-05 12:05:15,194 - INFO - LOGIN - SUCCESS - Email: driver@gmail.com - Role: driver - 
2025-11-05 12:08:42,769 - INFO - LOGIN - SUCCESS - Email: shadan@gmail.com - Role: passenger - 
2025-11-05 12:18:39,675 - INFO - LOGIN - SUCCESS - Email: shadan@gmail.com - Role: passenger - 
2025-11-05 12:33:25,495 - INFO - LOGIN - SUCCESS - Email: shadan@gmail.com - Role: passenger - 
2025-11-05 12:33:50,832 - INFO - LOGIN - SUCCESS - Email: driver@gmail.com - Role: driver - 
2025-11-05 12:35:38,307 - INFO - SIGNUP - SUCCESS - Email: p2@gmail.com - Role: passenger - 
2025-11-05 12:35:48,928 - INFO - LOGIN - SUCCESS - Email: p2@gmail.com - Role: passenger - 
2025-11-05 12:37:57,045 - INFO - LOGIN - SUCCESS - Email: shadan@gmail.com - Role: passenger - 
2025-11-05 12:39:01,588 - INFO - LOGIN - SUCCESS - Email: driver@gmail.com - Role: driver - 
2025-11-05 12:47:49,340 - INFO - LOGIN - SUCCESS - Email: shadan@gmail.com - Role: passenger - 
2025-11-05 12:48:55,580 - INFO - LOGIN - SUCCESS - Email: driver@gmail.com - Role: driver - 
2025-11-05 12:51:24,309 - INFO - LOGIN - SUCCESS - Email: shadan@gmail.com - Role: passenger - 
2025-11-05 12:51:35,481 - INFO - LOGIN - SUCCESS - Email: driver@gmail.com - Role: driver - 
2025-11-05 12:52:36,896 - INFO - LOGIN - SUCCESS - Email: shadan@gmail.com - Role: passenger - 
2025-11-05 12:54:12,276 - INFO - LOGIN - SUCCESS - Email: shadan@gmail.com - Role: passenger - 
2025-11-05 12:54:36,482 - INFO - LOGIN - SUCCESS - Email: driver@gmail.com - Role: driver - 
2025-11-05 12:55:57,183 - INFO - LOGIN - SUCCESS - Email: driver@gmail.com - Role: driver - 
2025-11-05 12:56:24,397 - INFO - LOGIN - SUCCESS - Email: shadan@gmail.com - Role: passenger - 
2025-11-05 13:02:31,196 - INFO - LOGIN - SUCCESS - Email: shadan@gmail.com - Role: passenger - 
2025-11-05 13:03:32,690 - INFO - LOGIN - SUCCESS - Email: shadan@gmail.com - Role: passenger - 
2025-11-05 13:11:59,084 - INFO - LOGIN - SUCCESS - Email: shadan@gmail.com - Role: passenger - 
2025-11-05 14:25:29,509 - INFO - LOGIN - SUCCESS - Email: shadan@gmail.com - Role: passenger - 
2025-11-05 14:35:11,288 - INFO - LOGIN - SUCCESS - Email: shadan@gmail.com - Role: passenger - 
2025-11-05 14:35:47,218 - INFO - LOGIN - SUCCESS - Email: driver@gmail.com - Role: driver - 
2025-11-05 14:49:37,132 - INFO - LOGIN - SUCCESS - Email: shadan@gmail.com - Role: passenger - 
2025-11-05 14:50:59,228 - INFO - LOGIN - SUCCESS - Email: driver@gmail.com - Role: driver - 
2025-11-05 14:54:35,899 - INFO - LOGIN - SUCCESS - Email: driver@gmail.com - Role: driver - 
2025-11-05 14:54:47,252 - INFO - LOGIN - SUCCESS - Email: shadan@gmail.com - Role: passenger - 
2025-11-05 14:58:14,801 - INFO - LOGIN - SUCCESS - Email: shadan@gmail.com - Role: passenger - 
2025-11-05 14:58:58,278 - INFO - LOGIN - SUCCESS - Email: shadan@gmail.com - Role: passenger - 
2025-11-05 15:03:21,228 - INFO - LOGIN - SUCCESS - Email: shadan@gmail.com - Role: passenger - 
2025-11-05 15:05:29,242 - INFO - LOGIN - SUCCESS - Email: shadan@gmail.com - Role: passenger - 
2025-11-05 15:07:28,405 - INFO - LOGIN - SUCCESS - Email: shadan@gmail.com - Role: passenger - 
2025-11-05 15:16:37,591 - INFO - LOGIN - SUCCESS - Email: shadan@gmail.com - Role: passenger - 
2025-11-05 15:18:31,509 - INFO - LOGIN - SUCCESS - Email: driver@gmail.com - Role: driver - 
2025-11-05 16:13:31,716 - INFO - LOGIN - SUCCESS - Email: shadan@gmail.com - Role: passenger - 
2025-11-05 16:14:38,146 - INFO - LOGIN - SUCCESS - Email: driver@gmail.com - Role: driver - 
2025-11-05 16:28:16,410 - INFO - LOGIN - SUCCESS - Email: shadan@gmail.com - Role: passenger - 
2025-11-05 16:30:09,250 - INFO - LOGIN - SUCCESS - Email: shadan@gmail.com - Role: passenger - 
2025-11-05 16:33:45,385 - INFO - LOGIN - SUCCESS - Email: shadan@gmail.com - Role: passenger - 
2025-11-05 23:14:31,077 - INFO - LOGIN - SUCCESS - Email: shadan@gmail.com - Role: passenger - 
2025-11-05 23:19:31,494 - INFO - LOGIN - SUCCESS - Email: shadan@gmail.com - Role: passenger - 
2025-11-05 23:25:34,807 - INFO - LOGIN - SUCCESS - Email: shadan@gmail.com - Role: passenger - 
2025-11-05 23:28:31,345 - INFO - LOGIN - SUCCESS - Email: shadan@gmail.com - Role: passenger - 
2025-11-05 23:30:18,864 - INFO - LOGIN - FAILURE - Email: shadan@gmail.com - Role:  - Invalid credentials or inactive user
2025-11-05 23:30:23,710 - INFO - LOGIN - SUCCESS - Email: shadan@gmail.com - Role: passenger - 
2025-11-05 23:32:51,940 - INFO - LOGIN - SUCCESS - Email: shadan@gmail.com - Role: passenger - 
2025-11-05 23:37:15,641 - INFO - LOGIN - SUCCESS - Email: shadan@gmail.com - Role: passenger - 
2025-11-05 23:39:50,304 - INFO - LOGIN - SUCCESS - Email: shadan@gmail.com - Role: passenger - 
2025-11-05 23:53:56,697 - INFO - LOGIN - SUCCESS - Email: shadan@gmail.com - Role: passenger - 
2025-11-05 23:58:33,658 - INFO - LOGIN - SUCCESS - Email: shadan@gmail.com - Role: passenger - 
2025-11-06 00:00:51,679 - INFO - LOGIN - SUCCESS - Email: shadan@gmail.com - Role: passenger - 
2025-11-06 00:04:36,072 - INFO - LOGIN - SUCCESS - Email: shadan@gmail.com - Role: passenger - 
2025-11-06 00:12:03,732 - INFO - LOGIN - SUCCESS - Email: shadan@gmail.com - Role: passenger - 
2025-11-06 00:17:22,610 - INFO - LOGIN - SUCCESS - Email: shadan@gmail.com - Role: passenger - 
2025-11-06 00:19:58,961 - INFO - LOGIN - SUCCESS - Email: shadan@gmail.com - Role: passenger - 
2025-11-06 00:21:52,226 - INFO - LOGIN - SUCCESS - Email: shadan@gmail.com - Role: passenger - 
2025-11-06 00:25:33,470 - INFO - LOGIN - SUCCESS - Email: shadan@gmail.com - Role: passenger - 
2025-11-06 00:28:50,415 - INFO - LOGIN - SUCCESS - Email: shadan@gmail.com - Role: passenger - 
2025-11-06 00:31:33,316 - INFO - LOGIN - SUCCESS - Email: shadan@gmail.com - Role: passenger - 
2025-11-06 10:51:52,706 - INFO - LOGIN - SUCCESS - Email: shadan@gmail.com - Role: passenger - 
2025-11-06 11:00:43,341 - INFO - LOGIN - SUCCESS - Email: shadan@gmail.com - Role: passenger - 
2025-11-06 11:03:33,701 - INFO - LOGIN - SUCCESS - Email: driver@gmail.com - Role: driver - 
2025-11-06 11:06:22,083 - INFO - LOGIN - SUCCESS - Email: shadan@gmail.com - Role: passenger - 
2025-11-06 11:07:04,676 - INFO - LOGIN - SUCCESS - Email: driver@gmail.com - Role: driver - 
2025-11-06 11:29:42,377 - INFO - LOGIN - SUCCESS - Email: shadan@gmail.com - Role: passenger - 
2025-11-06 11:57:43,824 - INFO - LOGIN - SUCCESS - Email: shadan@gmail.com - Role: passenger - 
2025-11-06 12:01:26,694 - INFO - LOGIN - SUCCESS - Email: shadan@gmail.com - Role: passenger - 
2025-11-06 12:15:50,490 - INFO - LOGIN - SUCCESS - Email: driver@gmail.com - Role: driver - 
2025-11-06 12:21:20,031 - INFO - LOGIN - SUCCESS - Email: shadan@gmail.com - Role: passenger - 
2025-11-06 12:25:44,798 - INFO - LOGIN - SUCCESS - Email: shadan@gmail.com - Role: passenger - 
2025-11-06 12:27:10,445 - INFO - LOGIN - SUCCESS - Email: shadan@gmail.com - Role: passenger - 
2025-11-06 12:46:22,282 - INFO - LOGIN - SUCCESS - Email: shadan@gmail.com - Role: passenger - 
2025-11-06 12:48:39,871 - INFO - LOGIN - SUCCESS - Email: shadan@gmail.com - Role: passenger - 
2025-11-06 12:49:45,619 - INFO - LOGIN - SUCCESS - Email: shadan@gmail.com - Role: passenger - 
2025-11-06 12:51:08,535 - INFO - LOGIN - SUCCESS - Email: shadan@gmail.com - Role: passenger - 
2025-11-06 12:52:40,418 - INFO - LOGIN - SUCCESS - Email: shadan@gmail.com - Role: passenger - 
2025-11-06 12:53:03,738 - INFO - LOGIN - SUCCESS - Email: driver@gmail.com - Role: driver - 
2025-11-06 14:51:50,456 - INFO - LOGIN - SUCCESS - Email: driver@gmail.com - Role: driver - 
2025-11-06 14:56:55,987 - INFO - SIGNUP - SUCCESS - Email: p4@gmail.com - Role: passenger - 
2025-11-06 14:56:58,018 - INFO - SIGNUP - FAILURE - Email: p4@gmail.com - Role: passenger - Email exists / DB error
2025-11-06 14:57:04,948 - INFO - SIGNUP - SUCCESS - Email: p40@gmail.com - Role: passenger - 
2025-11-06 14:57:07,286 - INFO - SIGNUP - FAILURE - Email: p40@gmail.com - Role: passenger - Email exists / DB error
2025-11-06 14:59:15,843 - INFO - SIGNUP - SUCCESS - Email: sksk@gmail.com - Role: passenger - 
2025-11-06 15:24:46,192 - INFO - LOGIN - SUCCESS - Email: shadan@gmail.com - Role: passenger - 
2025-11-06 15:26:23,746 - INFO - LOGIN - SUCCESS - Email: driver@gmail.com - Role: driver - 
2025-11-06 15:48:37,129 - INFO - LOGIN - SUCCESS - Email: shadan@gmail.com - Role: passenger - 
2025-11-06 17:07:06,321 - INFO - LOGIN - SUCCESS - Email: shadan@gmail.com - Role: passenger - 
2025-11-07 11:05:00,080 - INFO - LOGIN - SUCCESS - Email: shadan@gmail.com - Role: passenger - 
2025-11-07 11:30:52,213 - INFO - LOGIN - SUCCESS - Email: shadan@gmail.com - Role: passenger - 
2025-11-07 11:33:23,509 - INFO - LOGIN - SUCCESS - Email: shadan@gmail.com - Role: passenger - 
2025-11-07 11:41:59,189 - INFO - LOGIN - SUCCESS - Email: shadan@gmail.com - Role: passenger - 
2025-11-07 11:42:49,388 - INFO - LOGIN - SUCCESS - Email: driver@gmail.com - Role: driver - 
2025-11-07 11:49:36,440 - INFO - LOGIN - SUCCESS - Email: shadan@gmail.com - Role: passenger - 
2025-11-07 11:50:08,788 - INFO - LOGIN - SUCCESS - Email: driver@gmail.com - Role: driver - 
2025-11-07 11:52:16,708 - INFO - LOGIN - SUCCESS - Email: shadan@gmail.com - Role: passenger - 
2025-11-07 12:12:42,227 - INFO - LOGIN - SUCCESS - Email: shadan@gmail.com - Role: passenger - 
2025-11-07 12:12:51,298 - INFO - LOGIN - SUCCESS - Email: driver@gmail.com - Role: driver - 
2025-11-07 12:35:52,060 - INFO - LOGIN - SUCCESS - Email: shadan@gmail.com - Role: passenger - 
2025-11-07 12:36:08,020 - INFO - LOGIN - SUCCESS - Email: driver@gmail.com - Role: driver - 
2025-11-07 14:12:40,658 - INFO - LOGIN - SUCCESS - Email: shadan@gmail.com - Role: passenger - 
2025-11-07 14:13:40,421 - INFO - LOGIN - SUCCESS - Email: shadan@gmail.com - Role: passenger - 
2025-11-07 14:18:22,953 - INFO - LOGIN - SUCCESS - Email: shadan@gmail.com - Role: passenger - 
2025-11-07 14:19:38,533 - INFO - LOGIN - SUCCESS - Email: driver@gmail.com - Role: driver - 
2025-11-07 14:34:24,685 - INFO - LOGIN - SUCCESS - Email: shadan@gmail.com - Role: passenger - 
2025-11-07 16:05:00,028 - INFO - SIGNUP - SUCCESS - Email: aditya@gmail.com - Role: driver - 
2025-11-07 16:05:32,569 - INFO - LOGIN - SUCCESS - Email: aditya@gmail.com - Role: driver - 
2025-11-07 16:15:23,218 - INFO - SIGNUP - FAILURE - Email: rounit@gmail.com - Role: passenger - Validation error: Password must be at least 8 characters long, contain 1 uppercase, 1 lowercase, and 1 number
2025-11-07 16:15:31,066 - INFO - SIGNUP - SUCCESS - Email: rounit@gmail.com - Role: passenger - 
2025-11-07 16:15:55,007 - INFO - LOGIN - SUCCESS - Email: rounit@gmail.com - Role: passenger - 
2025-11-07 16:16:49,805 - INFO - LOGIN - SUCCESS - Email: aditya@gmail.com - Role: driver - 
2025-11-07 16:38:22,344 - INFO - LOGIN - SUCCESS - Email: shadan@gmail.com - Role: passenger - 
2025-11-07 16:38:59,344 - INFO - LOGIN - SUCCESS - Email: shadan@gmail.com - Role: passenger - 
2025-11-07 16:40:06,294 - INFO - LOGIN - SUCCESS - Email: driver@gmail.com - Role: driver - 
2025-11-10 00:07:57,713 - INFO - LOGIN - SUCCESS - Email: shadan@gmail.com - Role: passenger - 
2025-11-10 01:04:15,516 - INFO - LOGIN - SUCCESS - Email: shadan@gmail.com - Role: passenger - 
2025-11-10 01:06:26,062 - INFO - LOGIN - SUCCESS - Email: shadan@gmail.com - Role: passenger - 
2025-11-10 01:08:09,607 - INFO - LOGIN - SUCCESS - Email: shadan@gmail.com - Role: passenger - 
2025-11-10 01:09:04,138 - INFO - LOGIN - SUCCESS - Email: shadan@gmail.com - Role: passenger - 
2025-11-10 01:10:51,263 - INFO - LOGIN - SUCCESS - Email: shadan@gmail.com - Role: passenger - 
2025-11-10 01:12:27,540 - INFO - LOGIN - SUCCESS - Email: driver@gmail.com - Role: driver - 
2025-11-10 01:15:40,982 - INFO - LOGIN - SUCCESS - Email: shadan@gmail.com - Role: passenger - 
2025-11-10 01:16:24,882 - INFO - LOGIN - SUCCESS - Email: driver@gmail.com - Role: driver - 
2025-11-10 01:22:55,211 - INFO - LOGIN - SUCCESS - Email: shadan@gmail.com - Role: passenger - 
2025-11-10 01:23:56,766 - INFO - LOGIN - SUCCESS - Email: shadan@gmail.com - Role: passenger - 
2025-11-10 01:26:57,824 - INFO - LOGIN - SUCCESS - Email: shadan@gmail.com - Role: passenger - 
2025-11-10 01:29:56,666 - INFO - LOGIN - SUCCESS - Email: shadan@gmail.com - Role: passenger - 
2025-11-10 01:34:18,150 - INFO - LOGIN - SUCCESS - Email: shadan@gmail.com - Role: passenger - 
2025-11-10 01:35:32,284 - INFO - LOGIN - SUCCESS - Email: shadan@gmail.com - Role: passenger - 
2025-11-10 01:36:23,804 - INFO - LOGIN - SUCCESS - Email: driver@gmail.com - Role: driver - 
2025-11-10 01:40:05,671 - INFO - LOGIN - SUCCESS - Email: shadan@gmail.com - Role: passenger - 
2025-11-10 01:40:45,816 - INFO - LOGIN - SUCCESS - Email: driver@gmail.com - Role: driver - 
2025-11-10 01:43:06,445 - INFO - LOGIN - SUCCESS - Email: shadan@gmail.com - Role: passenger - 
2025-11-10 01:44:10,850 - INFO - LOGIN - SUCCESS - Email: shadan@gmail.com - Role: passenger - 
2025-11-10 01:47:30,432 - INFO - LOGIN - SUCCESS - Email: shadan@gmail.com - Role: passenger - 
2025-11-10 11:15:15,055 - INFO - LOGIN - SUCCESS - Email: shadan@gmail.com - Role: passenger - 
2025-11-10 16:14:46,121 - INFO - LOGIN - SUCCESS - Email: shadan@gmail.com - Role: passenger - 
2025-11-10 16:18:15,854 - INFO - LOGIN - SUCCESS - Email: shadan@gmail.com - Role: passenger - 
2025-11-10 16:18:36,725 - INFO - LOGIN - SUCCESS - Email: driver@gmail.com - Role: driver - 
2025-11-10 23:39:58,584 - INFO - LOGIN - SUCCESS - Email: shadan@gmail.com - Role: passenger - 
2025-11-11 11:03:32,388 - INFO - LOGIN - SUCCESS - Email: shadan@gmail.com - Role: passenger - 
2025-11-11 11:04:20,254 - INFO - LOGIN - SUCCESS - Email: driver@gmail.com - Role: driver - 
2025-11-11 11:16:59,683 - INFO - LOGIN - SUCCESS - Email: shadan@gmail.com - Role: passenger - 
2025-11-11 15:39:42,896 - INFO - SIGNUP - FAILURE - Email: ,aditya@gmail.com - Role: passenger - Validation error: Invalid email address
2025-11-11 15:40:12,266 - INFO - SIGNUP - FAILURE - Email: Aditya@gmail.com - Role: passenger - Email already exists or DB error
2025-11-11 15:40:45,670 - INFO - SIGNUP - FAILURE - Email: aditya@gmail.com - Role: passenger - Email already exists or DB error
2025-11-11 15:41:03,623 - INFO - LOGIN - SUCCESS - Email: aditya@gmail.com - Role: driver - 
2025-11-11 15:47:44,740 - INFO - LOGIN - SUCCESS - Email: shadan@gmail.com - Role: passenger - 
2025-11-12 11:12:32,538 - INFO - LOGIN - SUCCESS - Email: shadan@gmail.com - Role: passenger - 
2025-11-12 11:12:59,823 - INFO - LOGIN - SUCCESS - Email: driver@gmail.com - Role: driver - 
2025-11-13 11:33:50,358 - INFO - LOGIN - SUCCESS - Email: shadan@gmail.com - Role: passenger - 
2025-11-13 12:22:41,616 - INFO - LOGIN - SUCCESS - Email: shadan@gmail.com - Role: passenger - 
2025-11-13 12:29:40,640 - INFO - LOGIN - SUCCESS - Email: shadan@gmail.com - Role: passenger - 
2025-11-13 12:29:58,723 - INFO - LOGIN - SUCCESS - Email: driver@gmail.com - Role: driver - 
2025-11-13 12:33:47,859 - INFO - LOGIN - SUCCESS - Email: shadan@gmail.com - Role: passenger - 
2025-11-13 12:34:07,451 - INFO - LOGIN - SUCCESS - Email: driver@gmail.com - Role: driver - 
2025-11-14 11:08:38,393 - INFO - LOGIN - SUCCESS - Email: shadan@gmail.com - Role: passenger - 
2025-11-14 11:19:20,678 - INFO - LOGIN - SUCCESS - Email: shadan@gmail.com - Role: passenger - 
2025-11-14 11:29:39,682 - INFO - LOGIN - SUCCESS - Email: shadan@gmail.com - Role: passenger - 
2025-11-14 11:38:37,059 - INFO - LOGIN - SUCCESS - Email: driver@gmail.com - Role: driver - 
2025-11-14 11:55:23,485 - INFO - LOGIN - SUCCESS - Email: driver@gmail.com - Role: driver - 
2025-11-14 12:08:19,816 - INFO - LOGIN - SUCCESS - Email: driver@gmail.com - Role: driver - 
2025-11-14 12:31:28,230 - ERROR - Task exception was never retrieved
future: <Task finished name='Task-39' coro=<WebSocketProtocol13.write_message.<locals>.wrapper() done, defined at C:\Users\shadan.kazmi\carpooling_app\.venv\Lib\site-packages\tornado\websocket.py:1111> exception=WebSocketClosedError()>
Traceback (most recent call last):
  File "C:\Users\shadan.kazmi\carpooling_app\.venv\Lib\site-packages\tornado\websocket.py", line 1113, in wrapper
    await fut
tornado.iostream.StreamClosedError: Stream is closed

During handling of the above exception, another exception occurred:

Traceback (most recent call last):
  File "C:\Users\shadan.kazmi\carpooling_app\.venv\Lib\site-packages\tornado\websocket.py", line 1115, in wrapper
    raise WebSocketClosedError()
tornado.websocket.WebSocketClosedError
2025-11-14 15:57:10,209 - INFO - SIGNUP - FAILURE - Email: rounit@gmail.com - Role: passenger - Validation error: Password must be at least 8 characters long, contain 1 uppercase, 1 lowercase, and 1 number
2025-11-14 15:57:22,528 - INFO - SIGNUP - FAILURE - Email: rounit@gmail.com - Role: passenger - Email already exists or DB error
2025-11-14 15:57:34,420 - INFO - SIGNUP - FAILURE - Email: rounit123@gmail.com - Role: passenger - Email already exists or DB error
2025-11-14 15:57:51,170 - INFO - LOGIN - FAILURE - Email: rounit123@gmail.com - Role:  - Invalid credentials or inactive user
2025-11-14 15:57:52,374 - INFO - LOGIN - FAILURE - Email: rounit123@gmail.com - Role:  - Invalid credentials or inactive user
2025-11-14 15:57:52,580 - INFO - LOGIN - FAILURE - Email: rounit123@gmail.com - Role:  - Invalid credentials or inactive user
2025-11-14 15:57:52,795 - INFO - LOGIN - FAILURE - Email: rounit123@gmail.com - Role:  - Invalid credentials or inactive user
2025-11-14 15:57:52,959 - INFO - LOGIN - FAILURE - Email: rounit123@gmail.com - Role:  - Invalid credentials or inactive user
2025-11-14 15:57:53,103 - INFO - LOGIN - FAILURE - Email: rounit123@gmail.com - Role:  - Invalid credentials or inactive user
2025-11-14 15:57:53,374 - INFO - LOGIN - FAILURE - Email: rounit123@gmail.com - Role:  - Invalid credentials or inactive user
2025-11-14 18:46:07,813 - INFO - LOGIN - FAILURE - Email: adityaharmakallar@gmail.com - Role:  - Invalid credentials or inactive user
2025-11-14 18:46:26,331 - INFO - SIGNUP - FAILURE - Email: aditya@gmail.com - Role: passenger - Email already exists or DB error
2025-11-14 18:46:33,425 - INFO - SIGNUP - FAILURE - Email: aditya11@gmail.com - Role: passenger - Email already exists or DB error
2025-11-14 18:46:50,353 - INFO - LOGIN - FAILURE - Email: aditya11@gmail.com - Role:  - Invalid credentials or inactive user
2025-11-17 12:29:47,528 - INFO - SIGNUP - FAILURE - Email: shadan@gmail.com - Role: passenger - Email already exists or DB error
2025-11-17 12:30:00,085 - INFO - SIGNUP - FAILURE - Email: shadan2@gmail.com - Role: passenger - Email already exists or DB error
2025-11-17 12:30:27,110 - INFO - LOGIN - FAILURE - Email: shadan2@gmail.com - Role:  - Invalid credentials or inactive user
2025-11-17 12:31:38,562 - INFO - SIGNUP - FAILURE - Email: shadan@gmail.com - Role: passenger - Email already exists or DB error
2025-11-17 12:31:43,363 - INFO - SIGNUP - FAILURE - Email: shadan2@gmail.com - Role: passenger - Email already exists or DB error
2025-11-17 12:32:30,940 - INFO - SIGNUP - FAILURE - Email: shadan2@gmail.com - Role: passenger - Email already exists or DB error
2025-11-17 12:32:59,784 - INFO - SIGNUP - SUCCESS - Email: shadan2@gmail.com - Role: passenger - 
2025-11-17 12:33:15,108 - INFO - LOGIN - FAILURE - Email: shadan2@gmail.com - Role:  - Invalid credentials or inactive user
2025-11-17 12:33:28,959 - INFO - LOGIN - SUCCESS - Email: shadan2@gmail.com - Role: passenger - 
2025-11-17 12:41:42,097 - INFO - LOGIN - SUCCESS - Email: shadan2@gmail.com - Role: passenger - 
2025-11-17 12:43:30,543 - INFO - LOGIN - SUCCESS - Email: shadan2@gmail.com - Role: passenger - 
2025-11-17 14:30:22,303 - INFO - LOGIN - FAILURE - Email: shadankajmi2@gmail.com - Role:  - Invalid credentials or inactive user
2025-11-17 16:10:30,427 - INFO - SIGNUP - SUCCESS - Email: Manojbaheti@gmail.com - Role: driver - 
2025-11-17 16:10:41,452 - INFO - LOGIN - SUCCESS - Email: Manojbaheti@gmail.com - Role: driver - 
2025-11-17 16:12:45,845 - INFO - LOGIN - SUCCESS - Email: shadan2@gmail.com - Role: passenger - 
2025-11-17 16:35:17,913 - INFO - PASSWORD_RESET - SUCCESS - Email: Manojbaheti@gmail.com - Role:  - 
2025-11-17 16:35:29,243 - INFO - LOGIN - FAILURE - Email: Manojbaheti@gmail.com - Role:  - Invalid credentials or inactive user
2025-11-17 16:35:33,219 - INFO - LOGIN - SUCCESS - Email: Manojbaheti@gmail.com - Role: driver - 
2025-11-17 16:42:07,338 - INFO - PASSWORD_RESET - SUCCESS - Email: Manojbaheti@gmail.com - Role:  - 
2025-11-17 16:42:24,960 - INFO - LOGIN - FAILURE - Email: Manojbaheti@gmail.com - Role:  - Invalid credentials or inactive user
2025-11-17 16:42:29,889 - INFO - LOGIN - SUCCESS - Email: Manojbaheti@gmail.com - Role: driver - 
